[main] DEBUG org.jboss.logging  - Logging Provider: org.jboss.logging.Log4jLoggerProvider
  [main] INFO  org.hibernate.Version  - HHH000412: Hibernate ORM core version 5.6.11.Final
  [main] WARN  org.hibernate.orm.deprecation  - HHH020100: The Ehcache second-level cache provider for Hibernate is deprecated.  See https://hibernate.atlassian.net/browse/HHH-12441 for details.
  [main] INFO  org.hibernate.annotations.common.Version  - HCANN000001: Hibernate Commons Annotations {5.1.2.Final}
  [main] WARN  org.hibernate.orm.connections.pooling  - HHH10001002: Using Hibernate built-in connection pool (not for production use!)
  [main] INFO  org.hibernate.orm.connections.pooling  - HHH10001005: using driver [com.mysql.cj.jdbc.Driver] at URL [jdbc:mysql://localhost:3306/anudip]
  [main] INFO  org.hibernate.orm.connections.pooling  - HHH10001001: Connection properties: {password=****, user=root}
  [main] INFO  org.hibernate.orm.connections.pooling  - HHH10001003: Autocommit mode: false
  [main] INFO  org.hibernate.engine.jdbc.connections.internal.DriverManagerConnectionProviderImpl  - HHH000115: Hibernate connection pool size: 20 (min=1)
  [main] INFO  org.hibernate.dialect.Dialect  - HHH000400: Using dialect: org.hibernate.dialect.MySQL5Dialect
  [main] INFO  org.hibernate.orm.connections.access  - HHH10001501: Connection obtained from JdbcConnectionAccess [org.hibernate.engine.jdbc.env.internal.JdbcEnvironmentInitiator$ConnectionProviderJdbcConnectionAccess@5cff6b74] for (non-JTA) DDL execution was not in auto-commit mode; the Connection 'local transaction' will be committed and the Connection will be set into auto-commit mode.
  [main] INFO  org.hibernate.engine.transaction.jta.platform.internal.JtaPlatformInitiator  - HHH000490: Using JtaPlatform implementation: [org.hibernate.engine.transaction.jta.platform.internal.NoJtaPlatform]
  [main] INFO  com.slot2hibernate.App  - employee(eId=2, eName=amitava, eDomain=Java)
  [main] DEBUG org.jboss.logging  - Logging Provider: org.jboss.logging.Log4jLoggerProvider
  [main] INFO  org.hibernate.Version  - HHH000412: Hibernate ORM core version 5.6.11.Final
  [main] WARN  org.hibernate.orm.deprecation  - HHH020100: The Ehcache second-level cache provider for Hibernate is deprecated.  See https://hibernate.atlassian.net/browse/HHH-12441 for details.
  [main] INFO  org.hibernate.annotations.common.Version  - HCANN000001: Hibernate Commons Annotations {5.1.2.Final}
  [main] WARN  org.hibernate.orm.connections.pooling  - HHH10001002: Using Hibernate built-in connection pool (not for production use!)
  [main] INFO  org.hibernate.orm.connections.pooling  - HHH10001005: using driver [com.mysql.cj.jdbc.Driver] at URL [jdbc:mysql://localhost:3306/anudip]
  [main] INFO  org.hibernate.orm.connections.pooling  - HHH10001001: Connection properties: {password=****, user=root}
  [main] INFO  org.hibernate.orm.connections.pooling  - HHH10001003: Autocommit mode: false
  [main] INFO  org.hibernate.engine.jdbc.connections.internal.DriverManagerConnectionProviderImpl  - HHH000115: Hibernate connection pool size: 20 (min=1)
  [main] INFO  org.hibernate.dialect.Dialect  - HHH000400: Using dialect: org.hibernate.dialect.MySQL5Dialect
  [main] INFO  org.hibernate.orm.connections.access  - HHH10001501: Connection obtained from JdbcConnectionAccess [org.hibernate.engine.jdbc.env.internal.JdbcEnvironmentInitiator$ConnectionProviderJdbcConnectionAccess@5b202ff] for (non-JTA) DDL execution was not in auto-commit mode; the Connection 'local transaction' will be committed and the Connection will be set into auto-commit mode.
  [main] INFO  org.hibernate.engine.transaction.jta.platform.internal.JtaPlatformInitiator  - HHH000490: Using JtaPlatform implementation: [org.hibernate.engine.transaction.jta.platform.internal.NoJtaPlatform]
  [main] INFO  com.slot2hibernate.App  - employee(eId=4, eName=Preeti, eDomain=AWS)
  [main] DEBUG org.jboss.logging  - Logging Provider: org.jboss.logging.Log4jLoggerProvider
  [main] INFO  org.hibernate.Version  - HHH000412: Hibernate ORM core version 5.6.11.Final
  [main] WARN  org.hibernate.orm.deprecation  - HHH020100: The Ehcache second-level cache provider for Hibernate is deprecated.  See https://hibernate.atlassian.net/browse/HHH-12441 for details.
  [main] INFO  org.hibernate.annotations.common.Version  - HCANN000001: Hibernate Commons Annotations {5.1.2.Final}
  [main] WARN  org.hibernate.orm.connections.pooling  - HHH10001002: Using Hibernate built-in connection pool (not for production use!)
  [main] INFO  org.hibernate.orm.connections.pooling  - HHH10001005: using driver [com.mysql.cj.jdbc.Driver] at URL [jdbc:mysql://localhost:3306/anudip]
  [main] INFO  org.hibernate.orm.connections.pooling  - HHH10001001: Connection properties: {password=****, user=root}
  [main] INFO  org.hibernate.orm.connections.pooling  - HHH10001003: Autocommit mode: false
  [main] INFO  org.hibernate.engine.jdbc.connections.internal.DriverManagerConnectionProviderImpl  - HHH000115: Hibernate connection pool size: 20 (min=1)
  [main] INFO  org.hibernate.dialect.Dialect  - HHH000400: Using dialect: org.hibernate.dialect.MySQL5Dialect
  [main] INFO  org.hibernate.orm.connections.access  - HHH10001501: Connection obtained from JdbcConnectionAccess [org.hibernate.engine.jdbc.env.internal.JdbcEnvironmentInitiator$ConnectionProviderJdbcConnectionAccess@7f85217c] for (non-JTA) DDL execution was not in auto-commit mode; the Connection 'local transaction' will be committed and the Connection will be set into auto-commit mode.
  [main] INFO  org.hibernate.engine.transaction.jta.platform.internal.JtaPlatformInitiator  - HHH000490: Using JtaPlatform implementation: [org.hibernate.engine.transaction.jta.platform.internal.NoJtaPlatform]
  [main] INFO  com.slot2hibernate.App  - employee(eId=4, eName=Preeti, eDomain=AWS)
  [main] DEBUG org.jboss.logging  - Logging Provider: org.jboss.logging.Log4jLoggerProvider
  [main] INFO  org.hibernate.Version  - HHH000412: Hibernate ORM core version 5.6.11.Final
  [main] WARN  org.hibernate.orm.deprecation  - HHH020100: The Ehcache second-level cache provider for Hibernate is deprecated.  See https://hibernate.atlassian.net/browse/HHH-12441 for details.
  [main] INFO  org.hibernate.annotations.common.Version  - HCANN000001: Hibernate Commons Annotations {5.1.2.Final}
  [main] WARN  org.hibernate.orm.connections.pooling  - HHH10001002: Using Hibernate built-in connection pool (not for production use!)
  [main] INFO  org.hibernate.orm.connections.pooling  - HHH10001005: using driver [com.mysql.cj.jdbc.Driver] at URL [jdbc:mysql://localhost:3306/anudip]
  [main] INFO  org.hibernate.orm.connections.pooling  - HHH10001001: Connection properties: {password=****, user=root}
  [main] INFO  org.hibernate.orm.connections.pooling  - HHH10001003: Autocommit mode: false
  [main] INFO  org.hibernate.engine.jdbc.connections.internal.DriverManagerConnectionProviderImpl  - HHH000115: Hibernate connection pool size: 20 (min=1)
  [main] INFO  org.hibernate.dialect.Dialect  - HHH000400: Using dialect: org.hibernate.dialect.MySQL5Dialect
  [main] INFO  org.hibernate.orm.connections.access  - HHH10001501: Connection obtained from JdbcConnectionAccess [org.hibernate.engine.jdbc.env.internal.JdbcEnvironmentInitiator$ConnectionProviderJdbcConnectionAccess@7f85217c] for (non-JTA) DDL execution was not in auto-commit mode; the Connection 'local transaction' will be committed and the Connection will be set into auto-commit mode.
  [main] INFO  org.hibernate.engine.transaction.jta.platform.internal.JtaPlatformInitiator  - HHH000490: Using JtaPlatform implementation: [org.hibernate.engine.transaction.jta.platform.internal.NoJtaPlatform]
  [main] INFO  com.slot2hibernate.App  - Hello People this is logger
  [main] INFO  com.slot2hibernate.App  - employee(eId=4, eName=Preeti, eDomain=AWS)
  [main] DEBUG org.jboss.logging  - Logging Provider: org.jboss.logging.Log4jLoggerProvider
  [main] INFO  org.hibernate.Version  - HHH000412: Hibernate ORM core version 5.6.11.Final
  [main] WARN  org.hibernate.orm.deprecation  - HHH020100: The Ehcache second-level cache provider for Hibernate is deprecated.  See https://hibernate.atlassian.net/browse/HHH-12441 for details.
  [main] INFO  org.hibernate.annotations.common.Version  - HCANN000001: Hibernate Commons Annotations {5.1.2.Final}
  [main] WARN  org.hibernate.orm.connections.pooling  - HHH10001002: Using Hibernate built-in connection pool (not for production use!)
  [main] INFO  org.hibernate.orm.connections.pooling  - HHH10001005: using driver [com.mysql.cj.jdbc.Driver] at URL [jdbc:mysql://localhost:3306/anudip]
  [main] INFO  org.hibernate.orm.connections.pooling  - HHH10001001: Connection properties: {password=****, user=root}
  [main] INFO  org.hibernate.orm.connections.pooling  - HHH10001003: Autocommit mode: false
  [main] INFO  org.hibernate.engine.jdbc.connections.internal.DriverManagerConnectionProviderImpl  - HHH000115: Hibernate connection pool size: 20 (min=1)
  [main] INFO  org.hibernate.dialect.Dialect  - HHH000400: Using dialect: org.hibernate.dialect.MySQL5Dialect
  [main] INFO  org.hibernate.orm.connections.access  - HHH10001501: Connection obtained from JdbcConnectionAccess [org.hibernate.engine.jdbc.env.internal.JdbcEnvironmentInitiator$ConnectionProviderJdbcConnectionAccess@834e986] for (non-JTA) DDL execution was not in auto-commit mode; the Connection 'local transaction' will be committed and the Connection will be set into auto-commit mode.
  [main] INFO  org.hibernate.engine.transaction.jta.platform.internal.JtaPlatformInitiator  - HHH000490: Using JtaPlatform implementation: [org.hibernate.engine.transaction.jta.platform.internal.NoJtaPlatform]
  [main] INFO  com.slot2hibernate.App  - Enter empId
  [main] INFO  com.slot2hibernate.App  - Enter empName
  [main] INFO  com.slot2hibernate.App  - Enter empDomain
  [main] DEBUG org.jboss.logging  - Logging Provider: org.jboss.logging.Log4jLoggerProvider
  [main] INFO  org.hibernate.Version  - HHH000412: Hibernate ORM core version 5.6.11.Final
  [main] WARN  org.hibernate.orm.deprecation  - HHH020100: The Ehcache second-level cache provider for Hibernate is deprecated.  See https://hibernate.atlassian.net/browse/HHH-12441 for details.
  [main] INFO  org.hibernate.annotations.common.Version  - HCANN000001: Hibernate Commons Annotations {5.1.2.Final}
  [main] WARN  org.hibernate.orm.connections.pooling  - HHH10001002: Using Hibernate built-in connection pool (not for production use!)
  [main] INFO  org.hibernate.orm.connections.pooling  - HHH10001005: using driver [com.mysql.cj.jdbc.Driver] at URL [jdbc:mysql://localhost:3306/anudip]
  [main] INFO  org.hibernate.orm.connections.pooling  - HHH10001001: Connection properties: {password=****, user=root}
  [main] INFO  org.hibernate.orm.connections.pooling  - HHH10001003: Autocommit mode: false
  [main] INFO  org.hibernate.engine.jdbc.connections.internal.DriverManagerConnectionProviderImpl  - HHH000115: Hibernate connection pool size: 20 (min=1)
  [main] INFO  org.hibernate.dialect.Dialect  - HHH000400: Using dialect: org.hibernate.dialect.MySQL5Dialect
  [main] INFO  org.hibernate.orm.connections.access  - HHH10001501: Connection obtained from JdbcConnectionAccess [org.hibernate.engine.jdbc.env.internal.JdbcEnvironmentInitiator$ConnectionProviderJdbcConnectionAccess@834e986] for (non-JTA) DDL execution was not in auto-commit mode; the Connection 'local transaction' will be committed and the Connection will be set into auto-commit mode.
  [main] INFO  org.hibernate.engine.transaction.jta.platform.internal.JtaPlatformInitiator  - HHH000490: Using JtaPlatform implementation: [org.hibernate.engine.transaction.jta.platform.internal.NoJtaPlatform]
  [main] INFO  com.slot2hibernate.App  - Enter empId
  [main] INFO  com.slot2hibernate.App  - Enter empName
  [main] INFO  com.slot2hibernate.App  - Enter empDomain
  [main] INFO  com.slot2hibernate.App  - employee(eId=9, eName=shree, eDomain=raksha)
  